Iteration	Posterior	Likelihood	Prior	alpha_morpho	clock_morpho	diversification	extinction_rate	num_samp_anc	origin_time	psi	rates_morpho[1]	rates_morpho[2]	rates_morpho[3]	rates_morpho[4]	speciation_rate	t[1]	t[2]	t[3]	t[4]	t[5]	t[6]	t[7]	t[8]	t[9]	t[10]	t[11]	t[12]	t[13]	turnover
0	-5243.316	-4819.966	-423.3503	0.2571129	0.1492102	0.04	0.01	0	4.809331	0.025	0.00245997	0.0718727	0.516248	3.40942	0.05	0.0445895	0.189583	1.16577	0.014702	0.182478	0.111415	0.0720794	0.0454064	0.349826	0.25072	0.34001	0.636732	0.471122	0.2
10	-4072.829	-3749.384	-323.4456	0.8514272	0.3085563	0.09835735	0.03414054	5	4.093966	0.04275812	0.106445	0.427043	0.970246	2.49627	0.1324979	0.104341	0.125095	0.152268	0.159639	0.160705	0.325571	0.23686	0.0128322	1.12371	0.175649	0.668855	1.03336	1.27208	0.2576685
20	-3894.765	-3639.074	-255.6912	0.6494592	0.2384317	0.8942978	0.118596	5	4.51934	0.08021527	0.0634435	0.338675	0.904596	2.69329	1.012894	0.140381	0.125095	0.0941723	0.159639	0.509946	0.708587	0.189392	0.180486	1.08506	0.148507	0.668855	1.03336	1.27208	0.1170863
30	-3726.282	-3480.789	-245.4931	0.7250104	0.2298008	0.6765205	0.3053649	4	2.982282	0.215216	0.0795365	0.375096	0.933795	2.61157	0.9818854	0.425721	0.175619	0.174348	0.159639	0.530043	0.310467	0.189392	0.222636	1.06304	0.148507	0.625056	1.03336	1.28955	0.3109985
40	-3671.362	-3420.212	-251.1501	0.8670368	0.1966708	0.9032679	0.6121191	4	3.247085	0.2814593	0.109723	0.432786	0.973929	2.48356	1.515387	0.0525369	0.175619	0.450938	0.131204	0.645351	0.36297	0.189392	0.222636	1.07072	0.0483521	0.625056	0.941536	1.28955	0.4039359
50	-3465.178	-3221.968	-243.2102	0.9639138	0.1854017	0.8472219	0.4227211	6	3.007057	0.2206234	0.129699	0.46563	0.993753	2.41092	1.269943	0.0525369	0.146349	0.274684	0.101452	0.61638	0.389921	0.147603	0.335507	0.976206	0.272308	0.625056	1.08246	1.28955	0.3328662
60	-3395.98	-3158.045	-237.9353	0.9740053	0.2259081	0.749058	0.4390285	6	2.812921	0.2429012	0.131738	0.468797	0.995556	2.40391	1.188087	0.0525369	0.146349	0.292848	0.0888613	0.512197	0.475573	0.147603	0.307074	0.917069	0.272308	0.678926	1.08246	1.28955	0.3695257
70	-3302.24	-3061.835	-240.4059	0.7953199	0.1843999	0.5898861	0.4602417	9	3.441898	0.3923701	0.0945625	0.405243	0.95565	2.54454	1.050128	0.207846	0.942314	0.292848	0.117012	0.473659	0.458944	0.147603	0.327445	1.03301	0.244496	0.638834	1.08246	1.28955	0.4382721
80	-3265.13	-3031.484	-233.6458	0.7810177	0.1803917	0.5250443	0.3570372	9	3.589576	0.2254024	0.0915135	0.399378	0.951553	2.55756	0.8820815	0.105911	0.49391	0.292848	0.117012	0.506901	0.462213	0.173736	0.166361	1.03301	0.595193	0.878878	1.08246	1.28955	0.4047667
90	-3182.007	-2952.88	-229.1265	0.9254089	0.1963468	0.6450756	0.1523343	10	2.674387	0.2327476	0.121841	0.453123	0.98645	2.43859	0.7974099	0.105911	0.408345	0.292848	0.146525	0.478711	0.465235	0.20539	0.150675	1.04435	0.595193	0.932118	1.08246	1.28049	0.1910364
100	-3140.763	-2913.054	-227.7085	0.809779	0.1680366	0.7759935	0.1467233	10	2.920384	0.2896498	0.0976379	0.411042	0.959628	2.53169	0.9227168	0.105911	0.408345	0.292848	0.105847	0.546105	0.193476	0.164747	0.838441	1.04619	0.633715	0.932118	1.11288	1.45814	0.1590123
110	-3097.247	-2862.5	-234.7476	0.883119	0.1701178	0.7991549	0.2160839	9	3.434864	0.2232501	0.113084	0.438564	0.977569	2.47078	1.015239	0.197013	0.328574	0.292848	0.0768943	0.72668	0.163056	0.132891	0.760671	1.01831	0.851687	0.969321	1.11288	1.45814	0.2128405
120	-3074.91	-2842.664	-232.2464	1.135538	0.1449001	0.6573066	0.1350745	10	3.565856	0.1683377	0.163177	0.514016	1.01927	2.30353	0.7923811	0.0799125	0.328574	0.292848	0.124739	0.708414	0.22621	0.204228	0.821107	1.36387	0.875045	0.956953	1.23683	1.82339	0.1704666
130	-3072.704	-2842.83	-229.8743	0.9780443	0.1593091	0.7228814	0.1916049	11	3.891012	0.2075978	0.132553	0.470052	0.996265	2.40113	0.9144863	0.0877183	0.328574	0.387355	0.0856082	0.708414	0.22621	0.16463	0.842126	1.09387	0.859001	0.968448	1.23683	1.74894	0.2095219
140	-3074.976	-2842.797	-232.1787	0.994386	0.1420476	0.7029828	0.1024139	11	3.584787	0.3313297	0.135832	0.475058	0.999064	2.39005	0.8053967	0.0877183	0.328574	0.387355	0.0856082	0.681771	0.22621	0.138448	0.842126	1.37232	0.859001	0.968448	1.23683	1.76361	0.1271595
150	-3079.218	-2843.996	-235.2225	1.156109	0.1395705	0.4327564	0.1266589	10	3.335147	0.2539264	0.167009	0.519123	1.02172	2.29215	0.5594153	0.0877183	0.403396	0.22582	0.0250016	0.690352	0.691365	0.144512	0.870876	1.22221	0.909799	0.968448	1.23683	1.76361	0.226413
160	-3012.667	-2779.392	-233.2754	0.9784577	0.1485467	0.6451303	0.1800121	11	4.637534	0.3000682	0.132636	0.47018	0.996337	2.40085	0.8251424	0.203384	0.36187	0.2195	0.104078	0.782105	0.103731	0.173168	0.0983433	1.08582	0.91261	0.929853	1.23683	1.89863	0.2181588
170	-3013.389	-2781.265	-232.1237	0.9809293	0.1481994	0.6437961	0.09942119	11	4.987534	0.2105662	0.133133	0.470944	0.996767	2.39916	0.7432173	0.316156	0.464388	0.258081	0.106894	0.737023	0.0688024	0.195276	0.0983433	1.19086	0.91261	0.943237	1.26569	1.90505	0.1337714
180	-3015.468	-2782.72	-232.7483	1.096016	0.1558368	1.163781	0.07061199	11	4.474096	0.2188908	0.155704	0.503824	1.01425	2.32622	1.234393	0.316156	0.408314	0.258081	0.0820586	0.663658	0.272306	0.119185	0.0383197	1.11761	0.91261	0.947864	1.26569	1.8303	0.05720381
